deg-malig = 1
|---tumor-size = 0-4
|---|---no-recurrence-events
|---tumor-size = 30-34
|---|---age = 50-59
|---|---|---no-recurrence-events
|---|---age = 40-49
|---|---|---irradiat = yes
|---|---|---|---recurrence-events
|---|---|---irradiat = no
|---|---|---|---no-recurrence-events
|---|---age = 60-69
|---|---|---no-recurrence-events
|---|---age = 10-19
|---|---|---no-recurrence-events
|---|---age = 30-39
|---|---|---recurrence-events
|---|---age = 20-29
|---|---|---no-recurrence-events
|---|---age = 80-89
|---|---|---no-recurrence-events
|---|---age = 90-99
|---|---|---no-recurrence-events
|---|---age = 70-79
|---|---|---no-recurrence-events
|---tumor-size = 35-39
|---|---breast = right
|---|---|---recurrence-events
|---|---breast = left
|---|---|---no-recurrence-events
|---tumor-size = 10-14
|---|---no-recurrence-events
|---tumor-size = 25-29
|---|---breast-quad = left_low
|---|---|---no-recurrence-events
|---|---breast-quad = central
|---|---|---no-recurrence-events
|---|---breast-quad = left_up
|---|---|---node-caps = yes
|---|---|---|---recurrence-events
|---|---|---node-caps = no
|---|---|---|---inv-nodes = 12-14
|---|---|---|---|---recurrence-events
|---|---|---|---inv-nodes = 30-32
|---|---|---|---|---recurrence-events
|---|---|---|---inv-nodes = 6-8
|---|---|---|---|---recurrence-events
|---|---|---|---inv-nodes = 0-2
|---|---|---|---|---age = 50-59
|---|---|---|---|---|---irradiat = yes
|---|---|---|---|---|---|---recurrence-events
|---|---|---|---|---|---irradiat = no
|---|---|---|---|---|---|---breast = right
|---|---|---|---|---|---|---|---menopause = lt40
|---|---|---|---|---|---|---|---|---recurrence-events
|---|---|---|---|---|---|---|---menopause = ge40
|---|---|---|---|---|---|---|---|---recurrence-events
|---|---|---|---|---|---|---|---menopause = premeno
|---|---|---|---|---|---|---|---|---recurrence-events
|---|---|---|---|---|---|---breast = left
|---|---|---|---|---|---|---|---recurrence-events
|---|---|---|---|---age = 40-49
|---|---|---|---|---|---recurrence-events
|---|---|---|---|---age = 60-69
|---|---|---|---|---|---recurrence-events
|---|---|---|---|---age = 10-19
|---|---|---|---|---|---recurrence-events
|---|---|---|---|---age = 30-39
|---|---|---|---|---|---recurrence-events
|---|---|---|---|---age = 20-29
|---|---|---|---|---|---recurrence-events
|---|---|---|---|---age = 80-89
|---|---|---|---|---|---recurrence-events
|---|---|---|---|---age = 90-99
|---|---|---|---|---|---recurrence-events
|---|---|---|---|---age = 70-79
|---|---|---|---|---|---recurrence-events
|---|---|---|---inv-nodes = 3-5
|---|---|---|---|---recurrence-events
|---|---|---|---inv-nodes = 33-35
|---|---|---|---|---recurrence-events
|---|---|---|---inv-nodes = 27-29
|---|---|---|---|---recurrence-events
|---|---|---|---inv-nodes = 15-17
|---|---|---|---|---recurrence-events
|---|---|---|---inv-nodes = 18-20
|---|---|---|---|---recurrence-events
|---|---|---|---inv-nodes = 21-23
|---|---|---|---|---recurrence-events
|---|---|---|---inv-nodes = 9-11
|---|---|---|---|---recurrence-events
|---|---|---|---inv-nodes = 24-26
|---|---|---|---|---recurrence-events
|---|---|---|---inv-nodes = 36-39
|---|---|---|---|---recurrence-events
|---|---breast-quad = right_low
|---|---|---no-recurrence-events
|---|---breast-quad = right_up
|---|---|---no-recurrence-events
|---tumor-size = 40-44
|---|---breast = right
|---|---|---no-recurrence-events
|---|---breast = left
|---|---|---recurrence-events
|---tumor-size = 5-9
|---|---no-recurrence-events
|---tumor-size = 50-54
|---|---no-recurrence-events
|---tumor-size = 55-59
|---|---no-recurrence-events
|---tumor-size = 15-19
|---|---age = 50-59
|---|---|---no-recurrence-events
|---|---age = 40-49
|---|---|---no-recurrence-events
|---|---age = 60-69
|---|---|---no-recurrence-events
|---|---age = 10-19
|---|---|---no-recurrence-events
|---|---age = 30-39
|---|---|---breast = right
|---|---|---|---recurrence-events
|---|---|---breast = left
|---|---|---|---no-recurrence-events
|---|---age = 20-29
|---|---|---no-recurrence-events
|---|---age = 80-89
|---|---|---no-recurrence-events
|---|---age = 90-99
|---|---|---no-recurrence-events
|---|---age = 70-79
|---|---|---no-recurrence-events
|---tumor-size = 20-24
|---|---breast-quad = left_low
|---|---|---no-recurrence-events
|---|---breast-quad = central
|---|---|---no-recurrence-events
|---|---breast-quad = left_up
|---|---|---recurrence-events
|---|---breast-quad = right_low
|---|---|---no-recurrence-events
|---|---breast-quad = right_up
|---|---|---no-recurrence-events
|---tumor-size = 45-49
|---|---recurrence-events
deg-malig = 3
|---inv-nodes = 12-14
|---|---node-caps = yes
|---|---|---recurrence-events
|---|---node-caps = no
|---|---|---no-recurrence-events
|---inv-nodes = 30-32
|---|---recurrence-events
|---inv-nodes = 6-8
|---|---tumor-size = 0-4
|---|---|---recurrence-events
|---|---tumor-size = 30-34
|---|---|---recurrence-events
|---|---tumor-size = 35-39
|---|---|---recurrence-events
|---|---tumor-size = 10-14
|---|---|---recurrence-events
|---|---tumor-size = 25-29
|---|---|---recurrence-events
|---|---tumor-size = 40-44
|---|---|---recurrence-events
|---|---tumor-size = 5-9
|---|---|---recurrence-events
|---|---tumor-size = 50-54
|---|---|---recurrence-events
|---|---tumor-size = 55-59
|---|---|---recurrence-events
|---|---tumor-size = 15-19
|---|---|---recurrence-events
|---|---tumor-size = 20-24
|---|---|---recurrence-events
|---|---tumor-size = 45-49
|---|---|---no-recurrence-events
|---inv-nodes = 0-2
|---|---tumor-size = 0-4
|---|---|---no-recurrence-events
|---|---tumor-size = 30-34
|---|---|---breast-quad = left_low
|---|---|---|---no-recurrence-events
|---|---|---breast-quad = central
|---|---|---|---recurrence-events
|---|---|---breast-quad = left_up
|---|---|---|---irradiat = yes
|---|---|---|---|---recurrence-events
|---|---|---|---irradiat = no
|---|---|---|---|---no-recurrence-events
|---|---|---breast-quad = right_low
|---|---|---|---no-recurrence-events
|---|---|---breast-quad = right_up
|---|---|---|---node-caps = yes
|---|---|---|---|---recurrence-events
|---|---|---|---node-caps = no
|---|---|---|---|---age = 50-59
|---|---|---|---|---|---recurrence-events
|---|---|---|---|---age = 40-49
|---|---|---|---|---|---irradiat = yes
|---|---|---|---|---|---|---recurrence-events
|---|---|---|---|---|---irradiat = no
|---|---|---|---|---|---|---breast = right
|---|---|---|---|---|---|---|---menopause = lt40
|---|---|---|---|---|---|---|---|---recurrence-events
|---|---|---|---|---|---|---|---menopause = ge40
|---|---|---|---|---|---|---|---|---recurrence-events
|---|---|---|---|---|---|---|---menopause = premeno
|---|---|---|---|---|---|---|---|---recurrence-events
|---|---|---|---|---|---|---breast = left
|---|---|---|---|---|---|---|---recurrence-events
|---|---|---|---|---age = 60-69
|---|---|---|---|---|---recurrence-events
|---|---|---|---|---age = 10-19
|---|---|---|---|---|---recurrence-events
|---|---|---|---|---age = 30-39
|---|---|---|---|---|---recurrence-events
|---|---|---|---|---age = 20-29
|---|---|---|---|---|---recurrence-events
|---|---|---|---|---age = 80-89
|---|---|---|---|---|---recurrence-events
|---|---|---|---|---age = 90-99
|---|---|---|---|---|---recurrence-events
|---|---|---|---|---age = 70-79
|---|---|---|---|---|---recurrence-events
|---|---tumor-size = 35-39
|---|---|---age = 50-59
|---|---|---|---no-recurrence-events
|---|---|---age = 40-49
|---|---|---|---no-recurrence-events
|---|---|---age = 60-69
|---|---|---|---no-recurrence-events
|---|---|---age = 10-19
|---|---|---|---no-recurrence-events
|---|---|---age = 30-39
|---|---|---|---recurrence-events
|---|---|---age = 20-29
|---|---|---|---no-recurrence-events
|---|---|---age = 80-89
|---|---|---|---no-recurrence-events
|---|---|---age = 90-99
|---|---|---|---no-recurrence-events
|---|---|---age = 70-79
|---|---|---|---no-recurrence-events
|---|---tumor-size = 10-14
|---|---|---no-recurrence-events
|---|---tumor-size = 25-29
|---|---|---breast = right
|---|---|---|---age = 50-59
|---|---|---|---|---recurrence-events
|---|---|---|---age = 40-49
|---|---|---|---|---no-recurrence-events
|---|---|---|---age = 60-69
|---|---|---|---|---no-recurrence-events
|---|---|---|---age = 10-19
|---|---|---|---|---no-recurrence-events
|---|---|---|---age = 30-39
|---|---|---|---|---no-recurrence-events
|---|---|---|---age = 20-29
|---|---|---|---|---no-recurrence-events
|---|---|---|---age = 80-89
|---|---|---|---|---no-recurrence-events
|---|---|---|---age = 90-99
|---|---|---|---|---no-recurrence-events
|---|---|---|---age = 70-79
|---|---|---|---|---no-recurrence-events
|---|---|---breast = left
|---|---|---|---age = 50-59
|---|---|---|---|---no-recurrence-events
|---|---|---|---age = 40-49
|---|---|---|---|---recurrence-events
|---|---|---|---age = 60-69
|---|---|---|---|---recurrence-events
|---|---|---|---age = 10-19
|---|---|---|---|---recurrence-events
|---|---|---|---age = 30-39
|---|---|---|---|---recurrence-events
|---|---|---|---age = 20-29
|---|---|---|---|---recurrence-events
|---|---|---|---age = 80-89
|---|---|---|---|---recurrence-events
|---|---|---|---age = 90-99
|---|---|---|---|---recurrence-events
|---|---|---|---age = 70-79
|---|---|---|---|---recurrence-events
|---|---tumor-size = 40-44
|---|---|---no-recurrence-events
|---|---tumor-size = 5-9
|---|---|---no-recurrence-events
|---|---tumor-size = 50-54
|---|---|---recurrence-events
|---|---tumor-size = 55-59
|---|---|---no-recurrence-events
|---|---tumor-size = 15-19
|---|---|---node-caps = yes
|---|---|---|---recurrence-events
|---|---|---node-caps = no
|---|---|---|---no-recurrence-events
|---|---tumor-size = 20-24
|---|---|---age = 50-59
|---|---|---|---no-recurrence-events
|---|---|---age = 40-49
|---|---|---|---no-recurrence-events
|---|---|---age = 60-69
|---|---|---|---recurrence-events
|---|---|---age = 10-19
|---|---|---|---no-recurrence-events
|---|---|---age = 30-39
|---|---|---|---irradiat = yes
|---|---|---|---|---recurrence-events
|---|---|---|---irradiat = no
|---|---|---|---|---no-recurrence-events
|---|---|---age = 20-29
|---|---|---|---no-recurrence-events
|---|---|---age = 80-89
|---|---|---|---no-recurrence-events
|---|---|---age = 90-99
|---|---|---|---no-recurrence-events
|---|---|---age = 70-79
|---|---|---|---no-recurrence-events
|---|---tumor-size = 45-49
|---|---|---no-recurrence-events
|---inv-nodes = 3-5
|---|---tumor-size = 0-4
|---|---|---recurrence-events
|---|---tumor-size = 30-34
|---|---|---node-caps = yes
|---|---|---|---no-recurrence-events
|---|---|---node-caps = no
|---|---|---|---recurrence-events
|---|---tumor-size = 35-39
|---|---|---recurrence-events
|---|---tumor-size = 10-14
|---|---|---recurrence-events
|---|---tumor-size = 25-29
|---|---|---irradiat = yes
|---|---|---|---recurrence-events
|---|---|---irradiat = no
|---|---|---|---no-recurrence-events
|---|---tumor-size = 40-44
|---|---|---age = 50-59
|---|---|---|---no-recurrence-events
|---|---|---age = 40-49
|---|---|---|---no-recurrence-events
|---|---|---age = 60-69
|---|---|---|---recurrence-events
|---|---|---age = 10-19
|---|---|---|---no-recurrence-events
|---|---|---age = 30-39
|---|---|---|---no-recurrence-events
|---|---|---age = 20-29
|---|---|---|---no-recurrence-events
|---|---|---age = 80-89
|---|---|---|---no-recurrence-events
|---|---|---age = 90-99
|---|---|---|---no-recurrence-events
|---|---|---age = 70-79
|---|---|---|---no-recurrence-events
|---|---tumor-size = 5-9
|---|---|---recurrence-events
|---|---tumor-size = 50-54
|---|---|---recurrence-events
|---|---tumor-size = 55-59
|---|---|---recurrence-events
|---|---tumor-size = 15-19
|---|---|---recurrence-events
|---|---tumor-size = 20-24
|---|---|---recurrence-events
|---|---tumor-size = 45-49
|---|---|---recurrence-events
|---inv-nodes = 33-35
|---|---recurrence-events
|---inv-nodes = 27-29
|---|---recurrence-events
|---inv-nodes = 15-17
|---|---menopause = lt40
|---|---|---recurrence-events
|---|---menopause = ge40
|---|---|---no-recurrence-events
|---|---menopause = premeno
|---|---|---recurrence-events
|---inv-nodes = 18-20
|---|---recurrence-events
|---inv-nodes = 21-23
|---|---recurrence-events
|---inv-nodes = 9-11
|---|---recurrence-events
|---inv-nodes = 24-26
|---|---recurrence-events
|---inv-nodes = 36-39
|---|---recurrence-events
deg-malig = 2
|---tumor-size = 0-4
|---|---age = 50-59
|---|---|---no-recurrence-events
|---|---age = 40-49
|---|---|---no-recurrence-events
|---|---age = 60-69
|---|---|---no-recurrence-events
|---|---age = 10-19
|---|---|---no-recurrence-events
|---|---age = 30-39
|---|---|---node-caps = yes
|---|---|---|---recurrence-events
|---|---|---node-caps = no
|---|---|---|---inv-nodes = 12-14
|---|---|---|---|---recurrence-events
|---|---|---|---inv-nodes = 30-32
|---|---|---|---|---recurrence-events
|---|---|---|---inv-nodes = 6-8
|---|---|---|---|---recurrence-events
|---|---|---|---inv-nodes = 0-2
|---|---|---|---|---irradiat = yes
|---|---|---|---|---|---recurrence-events
|---|---|---|---|---irradiat = no
|---|---|---|---|---|---breast = right
|---|---|---|---|---|---|---menopause = lt40
|---|---|---|---|---|---|---|---recurrence-events
|---|---|---|---|---|---|---menopause = ge40
|---|---|---|---|---|---|---|---recurrence-events
|---|---|---|---|---|---|---menopause = premeno
|---|---|---|---|---|---|---|---breast-quad = left_low
|---|---|---|---|---|---|---|---|---recurrence-events
|---|---|---|---|---|---|---|---breast-quad = central
|---|---|---|---|---|---|---|---|---recurrence-events
|---|---|---|---|---|---|---|---breast-quad = left_up
|---|---|---|---|---|---|---|---|---recurrence-events
|---|---|---|---|---|---|---|---breast-quad = right_low
|---|---|---|---|---|---|---|---|---recurrence-events
|---|---|---|---|---|---|---|---breast-quad = right_up
|---|---|---|---|---|---|---|---|---recurrence-events
|---|---|---|---|---|---breast = left
|---|---|---|---|---|---|---recurrence-events
|---|---|---|---inv-nodes = 3-5
|---|---|---|---|---recurrence-events
|---|---|---|---inv-nodes = 33-35
|---|---|---|---|---recurrence-events
|---|---|---|---inv-nodes = 27-29
|---|---|---|---|---recurrence-events
|---|---|---|---inv-nodes = 15-17
|---|---|---|---|---recurrence-events
|---|---|---|---inv-nodes = 18-20
|---|---|---|---|---recurrence-events
|---|---|---|---inv-nodes = 21-23
|---|---|---|---|---recurrence-events
|---|---|---|---inv-nodes = 9-11
|---|---|---|---|---recurrence-events
|---|---|---|---inv-nodes = 24-26
|---|---|---|---|---recurrence-events
|---|---|---|---inv-nodes = 36-39
|---|---|---|---|---recurrence-events
|---|---age = 20-29
|---|---|---no-recurrence-events
|---|---age = 80-89
|---|---|---no-recurrence-events
|---|---age = 90-99
|---|---|---no-recurrence-events
|---|---age = 70-79
|---|---|---no-recurrence-events
|---tumor-size = 30-34
|---|---breast-quad = left_low
|---|---|---no-recurrence-events
|---|---breast-quad = central
|---|---|---recurrence-events
|---|---breast-quad = left_up
|---|---|---inv-nodes = 12-14
|---|---|---|---no-recurrence-events
|---|---|---inv-nodes = 30-32
|---|---|---|---no-recurrence-events
|---|---|---inv-nodes = 6-8
|---|---|---|---no-recurrence-events
|---|---|---inv-nodes = 0-2
|---|---|---|---age = 50-59
|---|---|---|---|---no-recurrence-events
|---|---|---|---age = 40-49
|---|---|---|---|---no-recurrence-events
|---|---|---|---age = 60-69
|---|---|---|---|---no-recurrence-events
|---|---|---|---age = 10-19
|---|---|---|---|---no-recurrence-events
|---|---|---|---age = 30-39
|---|---|---|---|---node-caps = yes
|---|---|---|---|---|---recurrence-events
|---|---|---|---|---node-caps = no
|---|---|---|---|---|---irradiat = yes
|---|---|---|---|---|---|---recurrence-events
|---|---|---|---|---|---irradiat = no
|---|---|---|---|---|---|---breast = right
|---|---|---|---|---|---|---|---recurrence-events
|---|---|---|---|---|---|---breast = left
|---|---|---|---|---|---|---|---menopause = lt40
|---|---|---|---|---|---|---|---|---recurrence-events
|---|---|---|---|---|---|---|---menopause = ge40
|---|---|---|---|---|---|---|---|---recurrence-events
|---|---|---|---|---|---|---|---menopause = premeno
|---|---|---|---|---|---|---|---|---recurrence-events
|---|---|---|---age = 20-29
|---|---|---|---|---no-recurrence-events
|---|---|---|---age = 80-89
|---|---|---|---|---no-recurrence-events
|---|---|---|---age = 90-99
|---|---|---|---|---no-recurrence-events
|---|---|---|---age = 70-79
|---|---|---|---|---no-recurrence-events
|---|---|---inv-nodes = 3-5
|---|---|---|---recurrence-events
|---|---|---inv-nodes = 33-35
|---|---|---|---no-recurrence-events
|---|---|---inv-nodes = 27-29
|---|---|---|---no-recurrence-events
|---|---|---inv-nodes = 15-17
|---|---|---|---no-recurrence-events
|---|---|---inv-nodes = 18-20
|---|---|---|---no-recurrence-events
|---|---|---inv-nodes = 21-23
|---|---|---|---no-recurrence-events
|---|---|---inv-nodes = 9-11
|---|---|---|---recurrence-events
|---|---|---inv-nodes = 24-26
|---|---|---|---no-recurrence-events
|---|---|---inv-nodes = 36-39
|---|---|---|---no-recurrence-events
|---|---breast-quad = right_low
|---|---|---node-caps = yes
|---|---|---|---recurrence-events
|---|---|---node-caps = no
|---|---|---|---no-recurrence-events
|---|---breast-quad = right_up
|---|---|---inv-nodes = 12-14
|---|---|---|---no-recurrence-events
|---|---|---inv-nodes = 30-32
|---|---|---|---no-recurrence-events
|---|---|---inv-nodes = 6-8
|---|---|---|---no-recurrence-events
|---|---|---inv-nodes = 0-2
|---|---|---|---node-caps = yes
|---|---|---|---|---recurrence-events
|---|---|---|---node-caps = no
|---|---|---|---|---no-recurrence-events
|---|---|---inv-nodes = 3-5
|---|---|---|---recurrence-events
|---|---|---inv-nodes = 33-35
|---|---|---|---no-recurrence-events
|---|---|---inv-nodes = 27-29
|---|---|---|---no-recurrence-events
|---|---|---inv-nodes = 15-17
|---|---|---|---no-recurrence-events
|---|---|---inv-nodes = 18-20
|---|---|---|---no-recurrence-events
|---|---|---inv-nodes = 21-23
|---|---|---|---no-recurrence-events
|---|---|---inv-nodes = 9-11
|---|---|---|---no-recurrence-events
|---|---|---inv-nodes = 24-26
|---|---|---|---no-recurrence-events
|---|---|---inv-nodes = 36-39
|---|---|---|---no-recurrence-events
|---tumor-size = 35-39
|---|---breast-quad = left_low
|---|---|---recurrence-events
|---|---breast-quad = central
|---|---|---no-recurrence-events
|---|---breast-quad = left_up
|---|---|---no-recurrence-events
|---|---breast-quad = right_low
|---|---|---no-recurrence-events
|---|---breast-quad = right_up
|---|---|---no-recurrence-events
|---tumor-size = 10-14
|---|---no-recurrence-events
|---tumor-size = 25-29
|---|---breast-quad = left_low
|---|---|---age = 50-59
|---|---|---|---no-recurrence-events
|---|---|---age = 40-49
|---|---|---|---menopause = lt40
|---|---|---|---|---recurrence-events
|---|---|---|---menopause = ge40
|---|---|---|---|---no-recurrence-events
|---|---|---|---menopause = premeno
|---|---|---|---|---irradiat = yes
|---|---|---|---|---|---recurrence-events
|---|---|---|---|---irradiat = no
|---|---|---|---|---|---node-caps = yes
|---|---|---|---|---|---|---recurrence-events
|---|---|---|---|---|---node-caps = no
|---|---|---|---|---|---|---inv-nodes = 12-14
|---|---|---|---|---|---|---|---recurrence-events
|---|---|---|---|---|---|---inv-nodes = 30-32
|---|---|---|---|---|---|---|---recurrence-events
|---|---|---|---|---|---|---inv-nodes = 6-8
|---|---|---|---|---|---|---|---recurrence-events
|---|---|---|---|---|---|---inv-nodes = 0-2
|---|---|---|---|---|---|---|---breast = right
|---|---|---|---|---|---|---|---|---recurrence-events
|---|---|---|---|---|---|---|---breast = left
|---|---|---|---|---|---|---|---|---recurrence-events
|---|---|---|---|---|---|---inv-nodes = 3-5
|---|---|---|---|---|---|---|---recurrence-events
|---|---|---|---|---|---|---inv-nodes = 33-35
|---|---|---|---|---|---|---|---recurrence-events
|---|---|---|---|---|---|---inv-nodes = 27-29
|---|---|---|---|---|---|---|---recurrence-events
|---|---|---|---|---|---|---inv-nodes = 15-17
|---|---|---|---|---|---|---|---recurrence-events
|---|---|---|---|---|---|---inv-nodes = 18-20
|---|---|---|---|---|---|---|---recurrence-events
|---|---|---|---|---|---|---inv-nodes = 21-23
|---|---|---|---|---|---|---|---recurrence-events
|---|---|---|---|---|---|---inv-nodes = 9-11
|---|---|---|---|---|---|---|---recurrence-events
|---|---|---|---|---|---|---inv-nodes = 24-26
|---|---|---|---|---|---|---|---recurrence-events
|---|---|---|---|---|---|---inv-nodes = 36-39
|---|---|---|---|---|---|---|---recurrence-events
|---|---|---age = 60-69
|---|---|---|---no-recurrence-events
|---|---|---age = 10-19
|---|---|---|---no-recurrence-events
|---|---|---age = 30-39
|---|---|---|---no-recurrence-events
|---|---|---age = 20-29
|---|---|---|---no-recurrence-events
|---|---|---age = 80-89
|---|---|---|---no-recurrence-events
|---|---|---age = 90-99
|---|---|---|---no-recurrence-events
|---|---|---age = 70-79
|---|---|---|---no-recurrence-events
|---|---breast-quad = central
|---|---|---no-recurrence-events
|---|---breast-quad = left_up
|---|---|---no-recurrence-events
|---|---breast-quad = right_low
|---|---|---no-recurrence-events
|---|---breast-quad = right_up
|---|---|---recurrence-events
|---tumor-size = 40-44
|---|---age = 50-59
|---|---|---no-recurrence-events
|---|---age = 40-49
|---|---|---no-recurrence-events
|---|---age = 60-69
|---|---|---inv-nodes = 12-14
|---|---|---|---recurrence-events
|---|---|---inv-nodes = 30-32
|---|---|---|---recurrence-events
|---|---|---inv-nodes = 6-8
|---|---|---|---recurrence-events
|---|---|---inv-nodes = 0-2
|---|---|---|---recurrence-events
|---|---|---inv-nodes = 3-5
|---|---|---|---no-recurrence-events
|---|---|---inv-nodes = 33-35
|---|---|---|---recurrence-events
|---|---|---inv-nodes = 27-29
|---|---|---|---recurrence-events
|---|---|---inv-nodes = 15-17
|---|---|---|---recurrence-events
|---|---|---inv-nodes = 18-20
|---|---|---|---recurrence-events
|---|---|---inv-nodes = 21-23
|---|---|---|---recurrence-events
|---|---|---inv-nodes = 9-11
|---|---|---|---recurrence-events
|---|---|---inv-nodes = 24-26
|---|---|---|---recurrence-events
|---|---|---inv-nodes = 36-39
|---|---|---|---recurrence-events
|---|---age = 10-19
|---|---|---no-recurrence-events
|---|---age = 30-39
|---|---|---no-recurrence-events
|---|---age = 20-29
|---|---|---no-recurrence-events
|---|---age = 80-89
|---|---|---no-recurrence-events
|---|---age = 90-99
|---|---|---no-recurrence-events
|---|---age = 70-79
|---|---|---no-recurrence-events
|---tumor-size = 5-9
|---|---no-recurrence-events
|---tumor-size = 50-54
|---|---inv-nodes = 12-14
|---|---|---no-recurrence-events
|---|---inv-nodes = 30-32
|---|---|---no-recurrence-events
|---|---inv-nodes = 6-8
|---|---|---no-recurrence-events
|---|---inv-nodes = 0-2
|---|---|---age = 50-59
|---|---|---|---no-recurrence-events
|---|---|---age = 40-49
|---|---|---|---irradiat = yes
|---|---|---|---|---recurrence-events
|---|---|---|---irradiat = no
|---|---|---|---|---no-recurrence-events
|---|---|---age = 60-69
|---|---|---|---no-recurrence-events
|---|---|---age = 10-19
|---|---|---|---no-recurrence-events
|---|---|---age = 30-39
|---|---|---|---no-recurrence-events
|---|---|---age = 20-29
|---|---|---|---no-recurrence-events
|---|---|---age = 80-89
|---|---|---|---no-recurrence-events
|---|---|---age = 90-99
|---|---|---|---no-recurrence-events
|---|---|---age = 70-79
|---|---|---|---no-recurrence-events
|---|---inv-nodes = 3-5
|---|---|---no-recurrence-events
|---|---inv-nodes = 33-35
|---|---|---no-recurrence-events
|---|---inv-nodes = 27-29
|---|---|---no-recurrence-events
|---|---inv-nodes = 15-17
|---|---|---no-recurrence-events
|---|---inv-nodes = 18-20
|---|---|---no-recurrence-events
|---|---inv-nodes = 21-23
|---|---|---no-recurrence-events
|---|---inv-nodes = 9-11
|---|---|---recurrence-events
|---|---inv-nodes = 24-26
|---|---|---no-recurrence-events
|---|---inv-nodes = 36-39
|---|---|---no-recurrence-events
|---tumor-size = 55-59
|---|---no-recurrence-events
|---tumor-size = 15-19
|---|---menopause = lt40
|---|---|---no-recurrence-events
|---|---menopause = ge40
|---|---|---no-recurrence-events
|---|---menopause = premeno
|---|---|---breast = right
|---|---|---|---no-recurrence-events
|---|---|---breast = left
|---|---|---|---age = 50-59
|---|---|---|---|---recurrence-events
|---|---|---|---age = 40-49
|---|---|---|---|---breast-quad = left_low
|---|---|---|---|---|---no-recurrence-events
|---|---|---|---|---breast-quad = central
|---|---|---|---|---|---recurrence-events
|---|---|---|---|---breast-quad = left_up
|---|---|---|---|---|---recurrence-events
|---|---|---|---|---breast-quad = right_low
|---|---|---|---|---|---recurrence-events
|---|---|---|---|---breast-quad = right_up
|---|---|---|---|---|---recurrence-events
|---|---|---|---age = 60-69
|---|---|---|---|---recurrence-events
|---|---|---|---age = 10-19
|---|---|---|---|---recurrence-events
|---|---|---|---age = 30-39
|---|---|---|---|---recurrence-events
|---|---|---|---age = 20-29
|---|---|---|---|---recurrence-events
|---|---|---|---age = 80-89
|---|---|---|---|---recurrence-events
|---|---|---|---age = 90-99
|---|---|---|---|---recurrence-events
|---|---|---|---age = 70-79
|---|---|---|---|---recurrence-events
|---tumor-size = 20-24
|---|---breast-quad = left_low
|---|---|---age = 50-59
|---|---|---|---no-recurrence-events
|---|---|---age = 40-49
|---|---|---|---breast = right
|---|---|---|---|---no-recurrence-events
|---|---|---|---breast = left
|---|---|---|---|---node-caps = yes
|---|---|---|---|---|---recurrence-events
|---|---|---|---|---node-caps = no
|---|---|---|---|---|---inv-nodes = 12-14
|---|---|---|---|---|---|---recurrence-events
|---|---|---|---|---|---inv-nodes = 30-32
|---|---|---|---|---|---|---recurrence-events
|---|---|---|---|---|---inv-nodes = 6-8
|---|---|---|---|---|---|---recurrence-events
|---|---|---|---|---|---inv-nodes = 0-2
|---|---|---|---|---|---|---irradiat = yes
|---|---|---|---|---|---|---|---recurrence-events
|---|---|---|---|---|---|---irradiat = no
|---|---|---|---|---|---|---|---menopause = lt40
|---|---|---|---|---|---|---|---|---recurrence-events
|---|---|---|---|---|---|---|---menopause = ge40
|---|---|---|---|---|---|---|---|---recurrence-events
|---|---|---|---|---|---|---|---menopause = premeno
|---|---|---|---|---|---|---|---|---recurrence-events
|---|---|---|---|---|---inv-nodes = 3-5
|---|---|---|---|---|---|---recurrence-events
|---|---|---|---|---|---inv-nodes = 33-35
|---|---|---|---|---|---|---recurrence-events
|---|---|---|---|---|---inv-nodes = 27-29
|---|---|---|---|---|---|---recurrence-events
|---|---|---|---|---|---inv-nodes = 15-17
|---|---|---|---|---|---|---recurrence-events
|---|---|---|---|---|---inv-nodes = 18-20
|---|---|---|---|---|---|---recurrence-events
|---|---|---|---|---|---inv-nodes = 21-23
|---|---|---|---|---|---|---recurrence-events
|---|---|---|---|---|---inv-nodes = 9-11
|---|---|---|---|---|---|---recurrence-events
|---|---|---|---|---|---inv-nodes = 24-26
|---|---|---|---|---|---|---recurrence-events
|---|---|---|---|---|---inv-nodes = 36-39
|---|---|---|---|---|---|---recurrence-events
|---|---|---age = 60-69
|---|---|---|---recurrence-events
|---|---|---age = 10-19
|---|---|---|---recurrence-events
|---|---|---age = 30-39
|---|---|---|---recurrence-events
|---|---|---age = 20-29
|---|---|---|---recurrence-events
|---|---|---age = 80-89
|---|---|---|---recurrence-events
|---|---|---age = 90-99
|---|---|---|---recurrence-events
|---|---|---age = 70-79
|---|---|---|---recurrence-events
|---|---breast-quad = central
|---|---|---age = 50-59
|---|---|---|---recurrence-events
|---|---|---age = 40-49
|---|---|---|---no-recurrence-events
|---|---|---age = 60-69
|---|---|---|---no-recurrence-events
|---|---|---age = 10-19
|---|---|---|---no-recurrence-events
|---|---|---age = 30-39
|---|---|---|---no-recurrence-events
|---|---|---age = 20-29
|---|---|---|---no-recurrence-events
|---|---|---age = 80-89
|---|---|---|---no-recurrence-events
|---|---|---age = 90-99
|---|---|---|---no-recurrence-events
|---|---|---age = 70-79
|---|---|---|---no-recurrence-events
|---|---breast-quad = left_up
|---|---|---menopause = lt40
|---|---|---|---no-recurrence-events
|---|---|---menopause = ge40
|---|---|---|---age = 50-59
|---|---|---|---|---breast = right
|---|---|---|---|---|---no-recurrence-events
|---|---|---|---|---breast = left
|---|---|---|---|---|---recurrence-events
|---|---|---|---age = 40-49
|---|---|---|---|---recurrence-events
|---|---|---|---age = 60-69
|---|---|---|---|---no-recurrence-events
|---|---|---|---age = 10-19
|---|---|---|---|---no-recurrence-events
|---|---|---|---age = 30-39
|---|---|---|---|---no-recurrence-events
|---|---|---|---age = 20-29
|---|---|---|---|---no-recurrence-events
|---|---|---|---age = 80-89
|---|---|---|---|---no-recurrence-events
|---|---|---|---age = 90-99
|---|---|---|---|---no-recurrence-events
|---|---|---|---age = 70-79
|---|---|---|---|---no-recurrence-events
|---|---|---menopause = premeno
|---|---|---|---no-recurrence-events
|---|---breast-quad = right_low
|---|---|---no-recurrence-events
|---|---breast-quad = right_up
|---|---|---node-caps = yes
|---|---|---|---recurrence-events
|---|---|---node-caps = no
|---|---|---|---no-recurrence-events
|---tumor-size = 45-49
|---|---no-recurrence-events
